This is pdfTeX, Version 3.14159265-2.6-1.40.21 (MiKTeX 2.9.7300 64-bit) (preloaded format=pdflatex 2020.3.1)  3 MAR 2021 18:27
entering extended mode
**./LabTemplate.tex
(LabTemplate.tex
LaTeX2e <2020-02-02> patch level 4
L3 programming layer <2020-02-25> (ieeecolor.cls

LaTeX Warning: You have requested document class `ieeecolor',
               but the document class provides `IEEEtran'.

Document Class: IEEEtran 2002/11/18 revision V1.6b by Michael Shell
-- See the "IEEEtran_HOWTO" manual for usage information.
-- The source comments contain changelog notes.
("C:\Users\gaara\AppData\Local\Programs\MiKTeX 2.9\tex/latex/graphics\color.sty
"
Package: color 2019/11/23 v1.2a Standard LaTeX Color (DPC)

("C:\Users\gaara\AppData\Local\Programs\MiKTeX 2.9\tex/latex/graphics-cfg\color
.cfg"
File: color.cfg 2016/01/02 v1.6 sample color configuration
)
Package color Info: Driver file: pdftex.def on input line 147.

("C:\Users\gaara\AppData\Local\Programs\MiKTeX 2.9\tex/latex/graphics-def\pdfte
x.def"
File: pdftex.def 2018/01/08 v1.0l Graphics/color driver for pdftex
))
\@draftversionrule=\dimen134
\@IEEEtrantmpdimenA=\dimen135
\@IEEEtrantmpdimenB=\dimen136
\@IEEEtrantmpcountA=\count167
\@IEEEtrantmpcountB=\count168
\@IEEEtrantmptoksA=\toks14
LaTeX Font Info:    Trying to load font information for OT1+ptm on input line 8
34.

("C:\Users\gaara\AppData\Local\Programs\MiKTeX 2.9\tex/latex/psnfss\ot1ptm.fd"
File: ot1ptm.fd 2001/06/04 font definitions for OT1/ptm.
)
\@IEEEnormalsizefontbaselineskip=\skip47
-- This is a 9 point document.
\normalsizebaselineskip=\skip48
\normaljot=\skip49
LaTeX Font Info:    Font shape `OT1/ptm/bx/n' in size <5> not available
(Font)              Font shape `OT1/ptm/b/n' tried instead on input line 1180.
LaTeX Font Info:    Font shape `OT1/ptm/bx/it' in size <5> not available
(Font)              Font shape `OT1/ptm/b/it' tried instead on input line 1180.

LaTeX Font Info:    Font shape `OT1/ptm/bx/n' in size <7> not available
(Font)              Font shape `OT1/ptm/b/n' tried instead on input line 1180.
LaTeX Font Info:    Font shape `OT1/ptm/bx/it' in size <7> not available
(Font)              Font shape `OT1/ptm/b/it' tried instead on input line 1180.

LaTeX Font Info:    Font shape `OT1/ptm/bx/n' in size <8> not available
(Font)              Font shape `OT1/ptm/b/n' tried instead on input line 1180.
LaTeX Font Info:    Font shape `OT1/ptm/bx/it' in size <8> not available
(Font)              Font shape `OT1/ptm/b/it' tried instead on input line 1180.

LaTeX Font Info:    Font shape `OT1/ptm/bx/n' in size <8.5> not available
(Font)              Font shape `OT1/ptm/b/n' tried instead on input line 1180.
LaTeX Font Info:    Font shape `OT1/ptm/bx/it' in size <8.5> not available
(Font)              Font shape `OT1/ptm/b/it' tried instead on input line 1180.

LaTeX Font Info:    Font shape `OT1/ptm/bx/n' in size <9> not available
(Font)              Font shape `OT1/ptm/b/n' tried instead on input line 1180.
LaTeX Font Info:    Font shape `OT1/ptm/bx/it' in size <9> not available
(Font)              Font shape `OT1/ptm/b/it' tried instead on input line 1180.

LaTeX Font Info:    Font shape `OT1/ptm/bx/n' in size <10> not available
(Font)              Font shape `OT1/ptm/b/n' tried instead on input line 1180.
LaTeX Font Info:    Font shape `OT1/ptm/bx/it' in size <10> not available
(Font)              Font shape `OT1/ptm/b/it' tried instead on input line 1180.

LaTeX Font Info:    Font shape `OT1/ptm/bx/n' in size <14> not available
(Font)              Font shape `OT1/ptm/b/n' tried instead on input line 1180.
LaTeX Font Info:    Font shape `OT1/ptm/bx/it' in size <14> not available
(Font)              Font shape `OT1/ptm/b/it' tried instead on input line 1180.

LaTeX Font Info:    Font shape `OT1/ptm/bx/n' in size <17> not available
(Font)              Font shape `OT1/ptm/b/n' tried instead on input line 1180.
LaTeX Font Info:    Font shape `OT1/ptm/bx/it' in size <17> not available
(Font)              Font shape `OT1/ptm/b/it' tried instead on input line 1180.

LaTeX Font Info:    Font shape `OT1/ptm/bx/n' in size <20> not available
(Font)              Font shape `OT1/ptm/b/n' tried instead on input line 1180.
LaTeX Font Info:    Font shape `OT1/ptm/bx/it' in size <20> not available
(Font)              Font shape `OT1/ptm/b/it' tried instead on input line 1180.

\IEEEilabelindentA=\dimen137
\IEEEilabelindentB=\dimen138
\IEEEilabelindent=\dimen139
\IEEEelabelindent=\dimen140
\IEEEdlabelindent=\dimen141
\labelindent=\dimen142
\IEEEiednormlabelsep=\dimen143
\IEEEiedmathlabelsep=\dimen144
\IEEEiedtopsep=\skip50
\c@section=\count169
\c@subsection=\count170
\c@subsubsection=\count171
\c@paragraph=\count172
\c@IEEEsubequation=\count173
\abovecaptionskip=\skip51
\belowcaptionskip=\skip52
\figbox=\box45
\c@figure=\count174
\c@query=\count175
\c@qry=\count176
\c@nquery=\count177
\c@tquery=\count178
\c@equery=\count179
\c@eqry=\count180
\c@edquery=\count181
\c@etquery=\count182
\c@table=\count183
\@IEEEeqnnumcols=\count184
\@IEEEeqncolcnt=\count185
\firstpagerule=\skip53
\logowidth=\skip54
\@IEEEtmpitemindent=\dimen145
\c@biography=\count186
\c@edbiography=\count187
LaTeX Info: Redefining \sf on input line 4869.
\@IEEEtranrubishbin=\box46
) (generic.sty)
("C:\Users\gaara\AppData\Local\Programs\MiKTeX 2.9\tex/latex/cite\cite.sty"
LaTeX Info: Redefining \cite on input line 302.
LaTeX Info: Redefining \nocite on input line 332.
Package: cite 2015/02/27  v 5.5
)
("C:\Users\gaara\AppData\Local\Programs\MiKTeX 2.9\tex/latex/amsmath\amsmath.st
y"
Package: amsmath 2020/01/20 v2.17e AMS math features
\@mathmargin=\skip55

For additional information on amsmath, use the `?' option.

("C:\Users\gaara\AppData\Local\Programs\MiKTeX 2.9\tex/latex/amsmath\amstext.st
y"
Package: amstext 2000/06/29 v2.01 AMS text

("C:\Users\gaara\AppData\Local\Programs\MiKTeX 2.9\tex/latex/amsmath\amsgen.sty
"
File: amsgen.sty 1999/11/30 v2.0 generic functions
\@emptytoks=\toks15
\ex@=\dimen146
))
("C:\Users\gaara\AppData\Local\Programs\MiKTeX 2.9\tex/latex/amsmath\amsbsy.sty
"
Package: amsbsy 1999/11/29 v1.2d Bold Symbols
\pmbraise@=\dimen147
)
("C:\Users\gaara\AppData\Local\Programs\MiKTeX 2.9\tex/latex/amsmath\amsopn.sty
"
Package: amsopn 2016/03/08 v2.02 operator names
)
\inf@bad=\count188
LaTeX Info: Redefining \frac on input line 227.
\uproot@=\count189
\leftroot@=\count190
LaTeX Info: Redefining \overline on input line 389.
\classnum@=\count191
\DOTSCASE@=\count192
LaTeX Info: Redefining \ldots on input line 486.
LaTeX Info: Redefining \dots on input line 489.
LaTeX Info: Redefining \cdots on input line 610.
\Mathstrutbox@=\box47
\strutbox@=\box48
\big@size=\dimen148
LaTeX Font Info:    Redeclaring font encoding OML on input line 733.
LaTeX Font Info:    Redeclaring font encoding OMS on input line 734.
\macc@depth=\count193
\c@MaxMatrixCols=\count194
\dotsspace@=\muskip16
\c@parentequation=\count195
\dspbrk@lvl=\count196
\tag@help=\toks16
\row@=\count197
\column@=\count198
\maxfields@=\count199
\andhelp@=\toks17
\eqnshift@=\dimen149
\alignsep@=\dimen150
\tagshift@=\dimen151
\tagwidth@=\dimen152
\totwidth@=\dimen153
\lineht@=\dimen154
\@envbody=\toks18
\multlinegap=\skip56
\multlinetaggap=\skip57
\mathdisplay@stack=\toks19
LaTeX Info: Redefining \[ on input line 2859.
LaTeX Info: Redefining \] on input line 2860.
)
("C:\Users\gaara\AppData\Local\Programs\MiKTeX 2.9\tex/latex/amsfonts\amssymb.s
ty"
Package: amssymb 2013/01/14 v3.01 AMS font symbols

("C:\Users\gaara\AppData\Local\Programs\MiKTeX 2.9\tex/latex/amsfonts\amsfonts.
sty"
Package: amsfonts 2013/01/14 v3.01 Basic AMSFonts support
\symAMSa=\mathgroup4
\symAMSb=\mathgroup5
LaTeX Font Info:    Redeclaring math symbol \hbar on input line 98.
LaTeX Font Info:    Overwriting math alphabet `\mathfrak' in version `bold'
(Font)                  U/euf/m/n --> U/euf/b/n on input line 106.
))
("C:\Users\gaara\AppData\Local\Programs\MiKTeX 2.9\tex/latex/algorithms\algorit
hmic.sty"
Package: algorithmic 2009/08/24 v0.1 Document Style `algorithmic'

("C:\Users\gaara\AppData\Local\Programs\MiKTeX 2.9\tex/latex/base\ifthen.sty"
Package: ifthen 2014/09/29 v1.1c Standard LaTeX ifthen package (DPC)
)
("C:\Users\gaara\AppData\Local\Programs\MiKTeX 2.9\tex/latex/graphics\keyval.st
y"
Package: keyval 2014/10/28 v1.15 key=value parser (DPC)
\KV@toks@=\toks20
)
\c@ALC@unique=\count266
\c@ALC@line=\count267
\c@ALC@rem=\count268
\c@ALC@depth=\count269
\ALC@tlm=\skip58
\algorithmicindent=\skip59
)
("C:\Users\gaara\AppData\Local\Programs\MiKTeX 2.9\tex/latex/graphics\graphicx.
sty"
Package: graphicx 2019/11/30 v1.2a Enhanced LaTeX Graphics (DPC,SPQR)

("C:\Users\gaara\AppData\Local\Programs\MiKTeX 2.9\tex/latex/graphics\graphics.
sty"
Package: graphics 2019/11/30 v1.4a Standard LaTeX Graphics (DPC,SPQR)

("C:\Users\gaara\AppData\Local\Programs\MiKTeX 2.9\tex/latex/graphics\trig.sty"
Package: trig 2016/01/03 v1.10 sin cos tan (DPC)
)
("C:\Users\gaara\AppData\Local\Programs\MiKTeX 2.9\tex/latex/graphics-cfg\graph
ics.cfg"
File: graphics.cfg 2016/06/04 v1.11 sample graphics configuration
)
Package graphics Info: Driver file: pdftex.def on input line 105.
)
\Gin@req@height=\dimen155
\Gin@req@width=\dimen156
)
("C:\Users\gaara\AppData\Local\Programs\MiKTeX 2.9\tex/latex/base\textcomp.sty"
Package: textcomp 2020/02/02 v2.0n Standard LaTeX package
)
("C:\Users\gaara\AppData\Local\Programs\MiKTeX 2.9\tex/latex/caption\caption.st
y"
Package: caption 2020/01/03 v3.4h Customizing captions (AR)

("C:\Users\gaara\AppData\Local\Programs\MiKTeX 2.9\tex/latex/caption\caption3.s
ty"
Package: caption3 2020/01/03 v1.8h caption3 kernel (AR)
Package caption3 Info: TeX engine: e-TeX on input line 61.
\captionmargin=\dimen157
\captionmargin@=\dimen158
\captionwidth=\dimen159
\caption@tempdima=\dimen160
\caption@indent=\dimen161
\caption@parindent=\dimen162
\caption@hangindent=\dimen163
Package caption Info: Unknown document class (or package),
(caption)             standard defaults will be used.
Package caption Info: \@makecaption = \long macro:#1#2->\fontencoding {T1} \fon
tfamily {phv} \fontseries {m} \fontshape {n} \fontsize {8}{10} \selectfont \scs
hape \ifx \@captype \@IEEEtablestring \@IEEEtablecaptionsabspace \begin {center
} \if@myimage \ifdim \width > 255pt {\strut #1\color {black}}\\ {\footnotesize 
\scshape \if \boldmath #2\color {black}\null \else \strut \stupiddouble {\boldm
ath #2\color {black}\normalcolor }\fi } \else {\strut #1\color {black}}\\ {\foo
tnotesize \scshape \if \boldmath #2\color {black}\null \else \strut \stupidsing
le {\boldmath #2\color {black}\normalcolor }\fi } \fi \else \ifdim \width > 255
pt {\strut #1}\\ {\footnotesize \scshape \if \boldmath #2\null \else \strut \st
upiddouble {\boldmath #2\color {black}}\fi } \else {\strut #1}\\ {\if \boldmath
 #2\null \else \strut \stupidsingle {\boldmath #2\color {black}}\fi } \fi \fi \
end {center}\@IEEEtablecaptionsbespace \else \@IEEEfigurecaptionsepspace \setbo
x \@tempboxa \hbox {\footnotesize #1.\color {black}\normalcolor ~~\sf \boldmath
 #2}\ifdim \wd \@tempboxa >\hsize \setbox \@tempboxa \hbox {\footnotesize #1.\c
olor {black}\normalcolor ~~ }\parbox [t]{\hsize }{\footnotesize \noindent \unhb
ox \@tempboxa \sf \boldmath #2}\else \ifcenterfigcaptions \hbox to\hsize {\foot
notesize \hfil \box \@tempboxa \hfil }\else \hbox to\hsize {\footnotesize \box 
\@tempboxa \hfil }\fi \fi \fi \color {black} on input line 1082.
)

Package caption Warning: Unknown document class (or package),
(caption)                standard defaults will be used.
See the caption package documentation for explanation.

\c@caption@flags=\count270
\c@continuedfloat=\count271
)
("C:\Users\gaara\AppData\Local\Programs\MiKTeX 2.9\tex/latex/booktabs\booktabs.
sty"
Package: booktabs 2020/01/12 v1.61803398 Publication quality tables
\heavyrulewidth=\dimen164
\lightrulewidth=\dimen165
\cmidrulewidth=\dimen166
\belowrulesep=\dimen167
\belowbottomsep=\dimen168
\aboverulesep=\dimen169
\abovetopsep=\dimen170
\cmidrulesep=\dimen171
\cmidrulekern=\dimen172
\defaultaddspace=\dimen173
\@cmidla=\count272
\@cmidlb=\count273
\@aboverulesep=\dimen174
\@belowrulesep=\dimen175
\@thisruleclass=\count274
\@lastruleclass=\count275
\@thisrulewidth=\dimen176
)
("C:\Users\gaara\AppData\Local\Programs\MiKTeX 2.9\tex/latex/multirow\multirow.
sty"
Package: multirow 2019/05/31 v2.5 Span multiple rows of a table
\multirow@colwidth=\skip60
\multirow@cntb=\count276
\multirow@dima=\skip61
\bigstrutjot=\dimen177
)
("C:\Users\gaara\AppData\Local\Programs\MiKTeX 2.9\tex/latex/l3backend\l3backen
d-pdfmode.def"
File: l3backend-pdfmode.def 2020-02-23 L3 backend support: PDF mode
\l__kernel_color_stack_int=\count277
\l__pdf_internal_box=\box49
) (LabTemplate.aux)
\openout1 = `LabTemplate.aux'.

LaTeX Font Info:    Checking defaults for OML/cmm/m/it on input line 17.
LaTeX Font Info:    ... okay on input line 17.
LaTeX Font Info:    Checking defaults for OMS/cmsy/m/n on input line 17.
LaTeX Font Info:    ... okay on input line 17.
LaTeX Font Info:    Checking defaults for OT1/cmr/m/n on input line 17.
LaTeX Font Info:    ... okay on input line 17.
LaTeX Font Info:    Checking defaults for T1/cmr/m/n on input line 17.
LaTeX Font Info:    ... okay on input line 17.
LaTeX Font Info:    Checking defaults for TS1/cmr/m/n on input line 17.
LaTeX Font Info:    ... okay on input line 17.
LaTeX Font Info:    Checking defaults for OMX/cmex/m/n on input line 17.
LaTeX Font Info:    ... okay on input line 17.
LaTeX Font Info:    Checking defaults for U/cmr/m/n on input line 17.
LaTeX Font Info:    ... okay on input line 17.

("C:\Users\gaara\AppData\Local\Programs\MiKTeX 2.9\tex/context/base/mkii\supp-p
df.mkii"
[Loading MPS to PDF converter (version 2006.09.02).]
\scratchcounter=\count278
\scratchdimen=\dimen178
\scratchbox=\box50
\nofMPsegments=\count279
\nofMParguments=\count280
\everyMPshowfont=\toks21
\MPscratchCnt=\count281
\MPscratchDim=\dimen179
\MPnumerator=\count282
\makeMPintoPDFobject=\count283
\everyMPtoPDFconversion=\toks22
)
("C:\Users\gaara\AppData\Local\Programs\MiKTeX 2.9\tex/latex/epstopdf-pkg\epsto
pdf-base.sty"
Package: epstopdf-base 2020-01-24 v2.11 Base part for package epstopdf
Package epstopdf-base Info: Redefining graphics rule for `.eps' on input line 4
85.
)
Package caption Info: Begin \AtBeginDocument code.
Package caption Info: End \AtBeginDocument code.
Package color Info: Redefining color nblue on input line 30.
LaTeX Font Info:    Trying to load font information for OT1+phv on input line 3
0.

("C:\Users\gaara\AppData\Local\Programs\MiKTeX 2.9\tex/latex/psnfss\ot1phv.fd"
File: ot1phv.fd 2001/06/04 scalable font definitions for OT1/phv.
)
Package color Info: Redefining color nblue on input line 30.
LaTeX Font Info:    Trying to load font information for U+msa on input line 30.

("C:\Users\gaara\AppData\Local\Programs\MiKTeX 2.9\tex/latex/amsfonts\umsa.fd"
File: umsa.fd 2013/01/14 v3.01 AMS symbols A
)
LaTeX Font Info:    Trying to load font information for U+msb on input line 30.

("C:\Users\gaara\AppData\Local\Programs\MiKTeX 2.9\tex/latex/amsfonts\umsb.fd"
File: umsb.fd 2013/01/14 v3.01 AMS symbols B
)
Package color Info: Redefining color nblue on input line 32.
Package color Info: Redefining color mblue on input line 32.
LaTeX Font Info:    Font shape `OT1/phv/b/it' in size <8> not available
(Font)              Font shape `OT1/phv/b/sl' tried instead on input line 32.
Package color Info: Redefining color nblue on input line 36.
Package color Info: Redefining color mblue on input line 36.
LaTeX Font Info:    Font shape `OT1/phv/b/it' in size <9> not available
(Font)              Font shape `OT1/phv/b/sl' tried instead on input line 36.
LaTeX Font Info:    Trying to load font information for T1+phv on input line 40
.
("C:\Users\gaara\AppData\Local\Programs\MiKTeX 2.9\tex/latex/psnfss\t1phv.fd"
File: t1phv.fd 2001/06/04 scalable font definitions for T1/phv.
)
LaTeX Font Info:    Font shape `OT1/phv/m/it' in size <9> not available
(Font)              Font shape `OT1/phv/m/sl' tried instead on input line 46.
Package epstopdf Info: Source file: <figures/LOGO-generic-web.eps>
(epstopdf)                    date: 2019-06-05 06:51:45
(epstopdf)                    size: 1912202 bytes
(epstopdf)             Output file: <figures/LOGO-generic-web-eps-converted-to.
pdf>
(epstopdf)                    date: 2021-03-03 16:58:42
(epstopdf)                    size: 16239 bytes
(epstopdf)             Command: <epstopdf --outfile=figures/LOGO-generic-web-ep
s-converted-to.pdf figures/LOGO-generic-web.eps>
(epstopdf)             \includegraphics on input line 61.
Package epstopdf Info: Output file is already uptodate.


pdfTeX warning: pdflatex.exe (file ./figures/LOGO-generic-web-eps-converted-to.
pdf): PDF inclusion: found PDF version <1.7>, but at most version <1.5> allowed

<figures/LOGO-generic-web-eps-converted-to.pdf, id=1, 198.7425pt x 125.46875pt>

File: figures/LOGO-generic-web-eps-converted-to.pdf Graphic file (type pdf)
<use figures/LOGO-generic-web-eps-converted-to.pdf>
Package pdftex.def Info: figures/LOGO-generic-web-eps-converted-to.pdf  used on
 input line 61.
(pdftex.def)             Requested size: 126.0pt x 79.54732pt.
\width=\dimen180

LaTeX Warning: `!h' float specifier changed to `!ht'.

Package epstopdf Info: Source file: <LOGO-generic-web.eps>
(epstopdf)                    date: 2019-06-05 06:51:45
(epstopdf)                    size: 1912202 bytes
(epstopdf)             Output file: <LOGO-generic-web-eps-converted-to.pdf>
(epstopdf)                    date: 2021-03-03 16:58:42
(epstopdf)                    size: 16239 bytes
(epstopdf)             Command: <epstopdf --outfile=LOGO-generic-web-eps-conver
ted-to.pdf LOGO-generic-web.eps>
(epstopdf)             \includegraphics on input line 103.
Package epstopdf Info: Output file is already uptodate.


pdfTeX warning: pdflatex.exe (file ./LOGO-generic-web-eps-converted-to.pdf): PD
F inclusion: found PDF version <1.7>, but at most version <1.5> allowed
<LOGO-generic-web-eps-converted-to.pdf, id=2, 198.7425pt x 125.46875pt>
File: LOGO-generic-web-eps-converted-to.pdf Graphic file (type pdf)
<use LOGO-generic-web-eps-converted-to.pdf>
Package pdftex.def Info: LOGO-generic-web-eps-converted-to.pdf  used on input l
ine 103.
(pdftex.def)             Requested size: 48.0pt x 30.30264pt.

Overfull \hbox (259.0pt too wide) has occurred while \output is active
[][] 
 []


Overfull \hbox (12.0pt too wide) has occurred while \output is active
[] [] [] 
 []


Underfull \hbox (badness 10000) has occurred while \output is active
[]
 []


Overfull \vbox (23.3369pt too high) has occurred while \output is active []


[1{C:/Users/gaara/AppData/Local/MiKTeX/2.9/pdftex/config/pdftex.map}


 <./LOGO-generic-web-eps-converted-to.pdf> <./figures/LOGO-generic-web-eps-conv
erted-to.pdf>] (LabTemplate.aux) ) 
Here is how much of TeX's memory you used:
 4659 strings out of 481314
 71186 string characters out of 2908176
 311251 words of memory out of 3000000
 20084 multiletter control sequences out of 15000+200000
 585958 words of font info for 112 fonts, out of 3000000 for 9000
 1141 hyphenation exceptions out of 8191
 41i,19n,42p,639b,369s stack positions out of 5000i,500n,10000p,200000b,50000s
{C:/Users/gaara/AppData/Local/Programs/MiKTeX
 2.9/fonts/enc/dvips/base/8r.enc}<C:/Users/gaara/AppData/Local/Programs/MiKTeX 
2.9/fonts/type1/public/amsfonts/cm/cmmi8.pfb><C:/Users/gaara/AppData/Local/Prog
rams/MiKTeX 2.9/fonts/type1/public/amsfonts/cm/cmr6.pfb><C:/Users/gaara/AppData
/Local/Programs/MiKTeX 2.9/fonts/type1/public/amsfonts/cm/cmr8.pfb><C:/Users/ga
ara/AppData/Local/Programs/MiKTeX 2.9/fonts/type1/urw/helvetic/uhvb8a.pfb><C:/U
sers/gaara/AppData/Local/Programs/MiKTeX 2.9/fonts/type1/urw/helvetic/uhvbo8a.p
fb><C:/Users/gaara/AppData/Local/Programs/MiKTeX 2.9/fonts/type1/urw/helvetic/u
hvr8a.pfb><C:/Users/gaara/AppData/Local/Programs/MiKTeX 2.9/fonts/type1/urw/hel
vetic/uhvro8a.pfb><C:/Users/gaara/AppData/Local/Programs/MiKTeX 2.9/fonts/type1
/urw/times/utmr8a.pfb>
Output written on LabTemplate.pdf (1 page, 104390 bytes).
PDF statistics:
 49 PDF objects out of 1000 (max. 8388607)
 0 named destinations out of 1000 (max. 500000)
 11 words of extra memory for PDF output out of 10000 (max. 10000000)

